c:\users\leafdeveloper\documents\visual studio 2013\projects\uniapp-tool\uniapp-tool\debug\vc120.pdb
c:\users\leafdeveloper\documents\visual studio 2013\projects\uniapp-tool\uniapp-tool\debug\vc120.idb
c:\users\leafdeveloper\documents\visual studio 2013\projects\uniapp-tool\uniapp-tool\debug\main.obj
c:\users\leafdeveloper\documents\visual studio 2013\projects\uniapp-tool\uniapp-tool\debug\install.obj
c:\users\leafdeveloper\documents\visual studio 2013\projects\uniapp-tool\uniapp-tool\debug\source.obj
c:\users\leafdeveloper\documents\visual studio 2013\projects\uniapp-tool\debug\uniapp-tool.ilk
c:\users\leafdeveloper\documents\visual studio 2013\projects\uniapp-tool\debug\uniapp-tool.exe
c:\users\leafdeveloper\documents\visual studio 2013\projects\uniapp-tool\debug\uniapp-tool.pdb
c:\users\leafdeveloper\documents\visual studio 2013\projects\uniapp-tool\uniapp-tool\debug\uniapp-tool.tlog\cl.command.1.tlog
c:\users\leafdeveloper\documents\visual studio 2013\projects\uniapp-tool\uniapp-tool\debug\uniapp-tool.tlog\cl.read.1.tlog
c:\users\leafdeveloper\documents\visual studio 2013\projects\uniapp-tool\uniapp-tool\debug\uniapp-tool.tlog\cl.write.1.tlog
c:\users\leafdeveloper\documents\visual studio 2013\projects\uniapp-tool\uniapp-tool\debug\uniapp-tool.tlog\link-cvtres.read.1.tlog
c:\users\leafdeveloper\documents\visual studio 2013\projects\uniapp-tool\uniapp-tool\debug\uniapp-tool.tlog\link-cvtres.write.1.tlog
c:\users\leafdeveloper\documents\visual studio 2013\projects\uniapp-tool\uniapp-tool\debug\uniapp-tool.tlog\link-rc.read.1.tlog
c:\users\leafdeveloper\documents\visual studio 2013\projects\uniapp-tool\uniapp-tool\debug\uniapp-tool.tlog\link-rc.write.1.tlog
c:\users\leafdeveloper\documents\visual studio 2013\projects\uniapp-tool\uniapp-tool\debug\uniapp-tool.tlog\link.4376-cvtres.read.1.tlog
c:\users\leafdeveloper\documents\visual studio 2013\projects\uniapp-tool\uniapp-tool\debug\uniapp-tool.tlog\link.4376-cvtres.write.1.tlog
c:\users\leafdeveloper\documents\visual studio 2013\projects\uniapp-tool\uniapp-tool\debug\uniapp-tool.tlog\link.4376-rc.read.1.tlog
c:\users\leafdeveloper\documents\visual studio 2013\projects\uniapp-tool\uniapp-tool\debug\uniapp-tool.tlog\link.4376-rc.write.1.tlog
c:\users\leafdeveloper\documents\visual studio 2013\projects\uniapp-tool\uniapp-tool\debug\uniapp-tool.tlog\link.4376.read.1.tlog
c:\users\leafdeveloper\documents\visual studio 2013\projects\uniapp-tool\uniapp-tool\debug\uniapp-tool.tlog\link.4376.write.1.tlog
c:\users\leafdeveloper\documents\visual studio 2013\projects\uniapp-tool\uniapp-tool\debug\uniapp-tool.tlog\link.command.1.tlog
c:\users\leafdeveloper\documents\visual studio 2013\projects\uniapp-tool\uniapp-tool\debug\uniapp-tool.tlog\link.read.1.tlog
c:\users\leafdeveloper\documents\visual studio 2013\projects\uniapp-tool\uniapp-tool\debug\uniapp-tool.tlog\link.write.1.tlog
